<?xml version="1.0" encoding="UTF-8"?>
<testng-results ignored="0" total="1" passed="1" failed="0" skipped="0">
  <reporter-output>
  </reporter-output>
  <suite started-at="2021-02-16T22:57:58 CST" name="Default suite" finished-at="2021-02-16T22:58:17 CST" duration-ms="18410">
    <groups>
    </groups>
    <test started-at="2021-02-16T22:57:58 CST" name="Default test" finished-at="2021-02-16T22:58:17 CST" duration-ms="18410">
      <class name="TEST.MAIN">
        <test-method signature="demo()[pri:0, instance:TEST.MAIN@4d910fd6]" started-at="2021-02-16T22:57:58 CST" name="demo" finished-at="2021-02-16T22:58:17 CST" duration-ms="18384" status="PASS">
          <reporter-output>
          </reporter-output>
        </test-method> <!-- demo -->
      </class> <!-- TEST.MAIN -->
    </test> <!-- Default test -->
  </suite> <!-- Default suite -->
</testng-results>
